TPOSE SEQ NOF2 /tmp/RtmpkSSStC/cspade456f2941788.data 0.500000 66 33 1 F1stats = [ 45 0 0 0.001269 ] 0.001879 0.000232 0.003932
CONF 66 455 2 380.985
MINSUPPORT 33 66
MINMAX 1 70
1 SUPP 61
2 SUPP 55
7 SUPP 43
8 SUPP 60
10 SUPP 56
12 SUPP 60
14 SUPP 42
15 SUPP 37
17 SUPP 34
23 SUPP 49
25 SUPP 35
28 SUPP 34
37 SUPP 34
39 SUPP 39
67 SUPP 36
74 SUPP 33
82 SUPP 35
103 SUPP 34
127 SUPP 34
132 SUPP 33
135 SUPP 50
246 SUPP 52
353 SUPP 55
398 SUPP 49
406 SUPP 33
409 SUPP 33
410 SUPP 54
411 SUPP 37
418 SUPP 35
421 SUPP 45
422 SUPP 36
424 SUPP 40
426 SUPP 34
427 SUPP 33
432 SUPP 46
433 SUPP 38
435 SUPP 33
436 SUPP 35
437 SUPP 33
440 SUPP 33
442 SUPP 35
443 SUPP 42
449 SUPP 35
450 SUPP 36
452 SUPP 33
numfreq 45 :  0.00126886 SUMSUP SUMDIFF = 0 0
EXTRARYSZ 219181
OPENED /tmp/RtmpkSSStC/cspade456f2941788.idx
OFF 455 65552
Wrote Offt 0.000231981
BOUNDS 1 71
WROTE INVERT 0.00187898
Total elapsed time 0.003932
SPADE /tmp/RtmpkSSStC/cspade456f2941788.tpose 0.500000 33 8967 0.011575 0 0 0 0 0 172800 600 4 3 : 45 259 2000 1524 331 11 0 : 0.000760 0.011531 0.206510 0.219080
TPOSE SEQ NOF2 /tmp/RtmpkSSStC/cspade456f25cdc6b2.data 0.500000 66 33 1 F1stats = [ 45 0 0 0.001090 ] 0.001723 0.000125 0.003389
CONF 66 455 2 380.985
MINSUPPORT 33 66
MINMAX 1 70
1 SUPP 61
2 SUPP 55
7 SUPP 43
8 SUPP 60
10 SUPP 56
12 SUPP 60
14 SUPP 42
15 SUPP 37
17 SUPP 34
23 SUPP 49
25 SUPP 35
28 SUPP 34
37 SUPP 34
39 SUPP 39
67 SUPP 36
74 SUPP 33
82 SUPP 35
103 SUPP 34
127 SUPP 34
132 SUPP 33
135 SUPP 50
246 SUPP 52
353 SUPP 55
398 SUPP 49
406 SUPP 33
409 SUPP 33
410 SUPP 54
411 SUPP 37
418 SUPP 35
421 SUPP 45
422 SUPP 36
424 SUPP 40
426 SUPP 34
427 SUPP 33
432 SUPP 46
433 SUPP 38
435 SUPP 33
436 SUPP 35
437 SUPP 33
440 SUPP 33
442 SUPP 35
443 SUPP 42
449 SUPP 35
450 SUPP 36
452 SUPP 33
numfreq 45 :  0.00108981 SUMSUP SUMDIFF = 0 0
EXTRARYSZ 219181
OPENED /tmp/RtmpkSSStC/cspade456f25cdc6b2.idx
OFF 455 65552
Wrote Offt 0.00012517
BOUNDS 1 71
WROTE INVERT 0.00172305
Total elapsed time 0.00338912
SPADE /tmp/RtmpkSSStC/cspade456f25cdc6b2.tpose 0.500000 33 8967 0.013345 0 0 0 0 0 172800 600 4 3 : 45 259 2000 1524 331 11 0 : 0.000627 0.010138 0.233418 0.244430
TPOSE SEQ NOF2 /tmp/RtmpkSSStC/cspade456f27a2b63b.data 0.500000 66 33 1 F1stats = [ 45 0 0 0.000770 ] 0.001895 0.000122 0.003216
CONF 66 455 2 380.985
MINSUPPORT 33 66
MINMAX 1 70
1 SUPP 61
2 SUPP 55
7 SUPP 43
8 SUPP 60
10 SUPP 56
12 SUPP 60
14 SUPP 42
15 SUPP 37
17 SUPP 34
23 SUPP 49
25 SUPP 35
28 SUPP 34
37 SUPP 34
39 SUPP 39
67 SUPP 36
74 SUPP 33
82 SUPP 35
103 SUPP 34
127 SUPP 34
132 SUPP 33
135 SUPP 50
246 SUPP 52
353 SUPP 55
398 SUPP 49
406 SUPP 33
409 SUPP 33
410 SUPP 54
411 SUPP 37
418 SUPP 35
421 SUPP 45
422 SUPP 36
424 SUPP 40
426 SUPP 34
427 SUPP 33
432 SUPP 46
433 SUPP 38
435 SUPP 33
436 SUPP 35
437 SUPP 33
440 SUPP 33
442 SUPP 35
443 SUPP 42
449 SUPP 35
450 SUPP 36
452 SUPP 33
numfreq 45 :  0.000769854 SUMSUP SUMDIFF = 0 0
EXTRARYSZ 219181
OPENED /tmp/RtmpkSSStC/cspade456f27a2b63b.idx
OFF 455 65552
Wrote Offt 0.000121832
BOUNDS 1 71
WROTE INVERT 0.00189495
Total elapsed time 0.00321603
SPADE /tmp/RtmpkSSStC/cspade456f27a2b63b.tpose 0.500000 33 8967 0.011231 0 0 0 0 0 172800 600 4 3 : 45 259 2000 1524 331 11 0 : 0.000465 0.008506 0.193832 0.202983
