TPOSE SEQ NOF2 /tmp/RtmpW1Fle5/cspadea924903068c.data 0.500000 66 33 1 F1stats = [ 9 0 0 0.000229 ] 0.000515 0.000050 0.001088
CONF 66 14 2 179.545
MINSUPPORT 33 66
MINMAX 1 70
1 SUPP 37
3 SUPP 43
4 SUPP 60
6 SUPP 56
8 SUPP 60
10 SUPP 42
11 SUPP 37
12 SUPP 66
13 SUPP 66
numfreq 9 :  0.00022912 SUMSUP SUMDIFF = 0 0
EXTRARYSZ 1095907
OPENED /tmp/RtmpW1Fle5/cspadea924903068c.idx
OFF 14 43900
Wrote Offt 5.00679e-05
BOUNDS 1 71
WROTE INVERT 0.000515223
Total elapsed time 0.0010879
SPADE /tmp/RtmpW1Fle5/cspadea924903068c.tpose 0.500000 33 4392 0.002269 0 0 0 0 0 172800 600 4 3 : 9 72 464 1012 877 281 0 : 0.000118 0.000736 0.092471 0.093400
TPOSE SEQ NOF2 /tmp/RtmpW1Fle5/cspadea9263d44554.data 0.003000 4704 15 1 F1stats = [ 209 0 0 0.000610 ] 0.000719 0.000253 0.002094
CONF 4704 7495 3.36055 1.60672
MINSUPPORT 15 4704
MINMAX 2 4705
17 SUPP 19
107 SUPP 22
214 SUPP 16
218 SUPP 16
250 SUPP 20
286 SUPP 18
309 SUPP 28
365 SUPP 20
374 SUPP 18
387 SUPP 22
414 SUPP 24
422 SUPP 28
430 SUPP 17
435 SUPP 25
449 SUPP 34
456 SUPP 17
478 SUPP 115
492 SUPP 26
547 SUPP 23
802 SUPP 182
810 SUPP 28
819 SUPP 58
863 SUPP 56
968 SUPP 86
1010 SUPP 16
1053 SUPP 17
1146 SUPP 21
1171 SUPP 15
1275 SUPP 18
1281 SUPP 18
1303 SUPP 30
1315 SUPP 18
1339 SUPP 21
1356 SUPP 36
1389 SUPP 24
1468 SUPP 27
1470 SUPP 30
1529 SUPP 18
1583 SUPP 89
1596 SUPP 52
1653 SUPP 47
1656 SUPP 24
1751 SUPP 353
1752 SUPP 17
1767 SUPP 15
1797 SUPP 104
1834 SUPP 16
1896 SUPP 33
1944 SUPP 33
1946 SUPP 17
1970 SUPP 20
2040 SUPP 28
2065 SUPP 97
2109 SUPP 16
2123 SUPP 20
2182 SUPP 22
2185 SUPP 18
2322 SUPP 41
2380 SUPP 25
2432 SUPP 18
2451 SUPP 17
2463 SUPP 19
2472 SUPP 20
2494 SUPP 55
2540 SUPP 19
2544 SUPP 30
2548 SUPP 64
2576 SUPP 15
2607 SUPP 22
2617 SUPP 115
2633 SUPP 42
2660 SUPP 40
2669 SUPP 55
2677 SUPP 21
2705 SUPP 31
2706 SUPP 23
2712 SUPP 55
2855 SUPP 73
2880 SUPP 16
2906 SUPP 24
2915 SUPP 72
2929 SUPP 21
2962 SUPP 19
2983 SUPP 15
3022 SUPP 23
3052 SUPP 56
3107 SUPP 41
3122 SUPP 28
3169 SUPP 130
3181 SUPP 32
3193 SUPP 63
3238 SUPP 25
3245 SUPP 17
3270 SUPP 38
3274 SUPP 16
3282 SUPP 19
3290 SUPP 40
3337 SUPP 25
3349 SUPP 29
3373 SUPP 23
3385 SUPP 169
3418 SUPP 20
3423 SUPP 17
3434 SUPP 52
3474 SUPP 64
3540 SUPP 34
3544 SUPP 87
3599 SUPP 17
3609 SUPP 56
3742 SUPP 25
3783 SUPP 28
3842 SUPP 38
3853 SUPP 15
3858 SUPP 25
3889 SUPP 69
3899 SUPP 22
3914 SUPP 21
4009 SUPP 62
4035 SUPP 22
4065 SUPP 28
4093 SUPP 23
4106 SUPP 61
4128 SUPP 26
4163 SUPP 46
4241 SUPP 24
4298 SUPP 30
4367 SUPP 27
4408 SUPP 107
4439 SUPP 21
4509 SUPP 19
4527 SUPP 68
4611 SUPP 17
4669 SUPP 67
4717 SUPP 69
4734 SUPP 15
4775 SUPP 33
4896 SUPP 17
4913 SUPP 17
4936 SUPP 30
4975 SUPP 20
4982 SUPP 34
4993 SUPP 126
4999 SUPP 39
5002 SUPP 72
5006 SUPP 43
5085 SUPP 20
5086 SUPP 20
5116 SUPP 56
5144 SUPP 50
5237 SUPP 16
5254 SUPP 35
5279 SUPP 139
5326 SUPP 34
5355 SUPP 38
5407 SUPP 17
5446 SUPP 22
5472 SUPP 28
5476 SUPP 57
5513 SUPP 183
5558 SUPP 60
5570 SUPP 23
5575 SUPP 103
5674 SUPP 25
5760 SUPP 16
5765 SUPP 65
5811 SUPP 53
5830 SUPP 49
5850 SUPP 30
5868 SUPP 21
5942 SUPP 53
6074 SUPP 69
6087 SUPP 64
6092 SUPP 19
6109 SUPP 159
6255 SUPP 26
6265 SUPP 37
6289 SUPP 15
6309 SUPP 18
6463 SUPP 26
6485 SUPP 102
6570 SUPP 16
6621 SUPP 97
6667 SUPP 16
6670 SUPP 236
6682 SUPP 29
6744 SUPP 38
6754 SUPP 20
6790 SUPP 152
6794 SUPP 77
6799 SUPP 34
6821 SUPP 85
6846 SUPP 54
6855 SUPP 20
6861 SUPP 17
6924 SUPP 25
6955 SUPP 16
7024 SUPP 118
7030 SUPP 22
7076 SUPP 73
7163 SUPP 147
7186 SUPP 97
7200 SUPP 175
7209 SUPP 33
7286 SUPP 24
7295 SUPP 46
7334 SUPP 77
7350 SUPP 22
7387 SUPP 55
7458 SUPP 18
numfreq 209 :  0.000610113 SUMSUP SUMDIFF = 0 0
EXTRARYSZ 47192
OPENED /tmp/RtmpW1Fle5/cspadea9263d44554.idx
OFF 7495 22322
Wrote Offt 0.000252962
BOUNDS 2 4706
WROTE INVERT 0.000718832
Total elapsed time 0.00209403
SPADE /tmp/RtmpW1Fle5/cspadea9263d44554.tpose 0.003000 15 868 0.000957 0 0 0 0 0 3 1 5 5 : 209 126 18 1 0 : 0.000679 0.010925 0.002134 0.014020
TPOSE SEQ NOF2 /tmp/RtmpW1Fle5/cspadea922b301cce.data 0.500000 66 33 1 F1stats = [ 9 0 0 0.000192 ] 0.000435 0.000045 0.000802
CONF 66 14 2 179.545
MINSUPPORT 33 66
MINMAX 1 70
1 SUPP 37
3 SUPP 43
4 SUPP 60
6 SUPP 56
8 SUPP 60
10 SUPP 42
11 SUPP 37
12 SUPP 66
13 SUPP 66
numfreq 9 :  0.000192165 SUMSUP SUMDIFF = 0 0
EXTRARYSZ 1095907
OPENED /tmp/RtmpW1Fle5/cspadea922b301cce.idx
OFF 14 43900
Wrote Offt 4.50611e-05
BOUNDS 1 71
WROTE INVERT 0.000434875
Total elapsed time 0.00080204
SPADE /tmp/RtmpW1Fle5/cspadea922b301cce.tpose 0.500000 33 4392 0.002802 0 0 0 0 0 172800 600 4 3 : 9 72 464 1012 877 281 0 : 0.000169 0.001139 0.090444 0.091910
TPOSE SEQ NOF2 /tmp/RtmpW1Fle5/cspadea92822e987.data 0.003000 66 1 1 F1stats = [ 13 0 0 0.000227 ] 0.000392 0.000049 0.000853
CONF 66 14 2 179.545
MINSUPPORT 1 66
MINMAX 1 70
1 SUPP 37
2 SUPP 19
3 SUPP 43
4 SUPP 60
5 SUPP 15
6 SUPP 56
7 SUPP 19
8 SUPP 60
9 SUPP 23
10 SUPP 42
11 SUPP 37
12 SUPP 66
13 SUPP 66
numfreq 13 :  0.000226974 SUMSUP SUMDIFF = 0 0
EXTRARYSZ 758705
OPENED /tmp/RtmpW1Fle5/cspadea92822e987.idx
OFF 14 47400
Wrote Offt 4.91142e-05
BOUNDS 1 71
WROTE INVERT 0.00039196
Total elapsed time 0.000852823
SPADE /tmp/RtmpW1Fle5/cspadea92822e987.tpose 0.003000 1 673 0.001013 0 0 0 0 0 3 1 5 5 : 13 45 43 23 6 1 0 : 0.000138 0.002225 0.002033 0.004476
TPOSE SEQ NOF2 /tmp/RtmpW1Fle5/cspadea9273b2d296.data 0.001000 66 1 1 F1stats = [ 13 0 0 0.000306 ] 0.000633 0.000089 0.001294
CONF 66 14 2 179.545
MINSUPPORT 1 66
MINMAX 1 70
1 SUPP 37
2 SUPP 19
3 SUPP 43
4 SUPP 60
5 SUPP 15
6 SUPP 56
7 SUPP 19
8 SUPP 60
9 SUPP 23
10 SUPP 42
11 SUPP 37
12 SUPP 66
13 SUPP 66
numfreq 13 :  0.000306129 SUMSUP SUMDIFF = 0 0
EXTRARYSZ 758705
OPENED /tmp/RtmpW1Fle5/cspadea9273b2d296.idx
OFF 14 47400
Wrote Offt 8.89301e-05
BOUNDS 1 71
WROTE INVERT 0.000633001
Total elapsed time 0.0012939
SPADE /tmp/RtmpW1Fle5/cspadea9273b2d296.tpose 0.001000 1 673 0.001106 0 0 0 0 0 3 1 5 5 : 13 45 43 23 6 1 0 : 0.000263 0.002174 0.002118 0.004660
TPOSE SEQ NOF2 /tmp/RtmpW1Fle5/cspadea927e55991a.data 0.500000 66 33 1 F1stats = [ 9 0 0 0.000154 ] 0.000353 0.000034 0.000647
CONF 66 14 2 179.545
MINSUPPORT 33 66
MINMAX 1 70
1 SUPP 37
3 SUPP 43
4 SUPP 60
6 SUPP 56
8 SUPP 60
10 SUPP 42
11 SUPP 37
12 SUPP 66
13 SUPP 66
numfreq 9 :  0.000154018 SUMSUP SUMDIFF = 0 0
EXTRARYSZ 1095907
OPENED /tmp/RtmpW1Fle5/cspadea927e55991a.idx
OFF 14 43900
Wrote Offt 3.38554e-05
BOUNDS 1 71
WROTE INVERT 0.000353098
Total elapsed time 0.000647068
SPADE /tmp/RtmpW1Fle5/cspadea927e55991a.tpose 0.500000 33 4392 0.001972 0 0 0 0 0 172800 600 4 3 : 9 72 464 1012 877 281 0 : 0.000141 0.000868 0.079809 0.080905
TPOSE SEQ NOF2 /tmp/RtmpW1Fle5/cspadea924c2fad72.data 0.500000 66 33 1 F1stats = [ 9 0 0 0.000186 ] 0.000426 0.000055 0.000816
CONF 66 14 2 179.545
MINSUPPORT 33 66
MINMAX 1 70
1 SUPP 37
3 SUPP 43
4 SUPP 60
6 SUPP 56
8 SUPP 60
10 SUPP 42
11 SUPP 37
12 SUPP 66
13 SUPP 66
numfreq 9 :  0.000185966 SUMSUP SUMDIFF = 0 0
EXTRARYSZ 1095907
OPENED /tmp/RtmpW1Fle5/cspadea924c2fad72.idx
OFF 14 43900
Wrote Offt 5.50747e-05
BOUNDS 1 71
WROTE INVERT 0.000425816
Total elapsed time 0.000816107
SPADE /tmp/RtmpW1Fle5/cspadea924c2fad72.tpose 0.500000 33 4392 0.002667 0 0 0 0 0 172800 600 4 3 : 9 72 464 1012 877 281 0 : 0.000276 0.001519 0.096124 0.098144
TPOSE SEQ NOF2 /tmp/RtmpW1Fle5/cspadea923c0ac674.data 0.003000 66 1 1 F1stats = [ 13 0 0 0.000186 ] 0.000340 0.000050 0.000795
CONF 66 14 2 179.545
MINSUPPORT 1 66
MINMAX 1 70
1 SUPP 37
2 SUPP 19
3 SUPP 43
4 SUPP 60
5 SUPP 15
6 SUPP 56
7 SUPP 19
8 SUPP 60
9 SUPP 23
10 SUPP 42
11 SUPP 37
12 SUPP 66
13 SUPP 66
numfreq 13 :  0.000186205 SUMSUP SUMDIFF = 0 0
EXTRARYSZ 758705
OPENED /tmp/RtmpW1Fle5/cspadea923c0ac674.idx
OFF 14 47400
Wrote Offt 5.00679e-05
BOUNDS 1 71
WROTE INVERT 0.000339985
Total elapsed time 0.000794888
SPADE /tmp/RtmpW1Fle5/cspadea923c0ac674.tpose 0.003000 1 673 0.000880 0 0 0 0 0 3 1 5 5 : 13 45 43 23 6 1 0 : 0.000124 0.001931 0.001817 0.003945
TPOSE SEQ NOF2 /tmp/RtmpW1Fle5/cspadea927ff15e6e.data 0.001000 66 1 1 F1stats = [ 13 0 0 0.000207 ] 0.000343 0.000041 0.000710
CONF 66 14 2 179.545
MINSUPPORT 1 66
MINMAX 1 70
1 SUPP 37
2 SUPP 19
3 SUPP 43
4 SUPP 60
5 SUPP 15
6 SUPP 56
7 SUPP 19
8 SUPP 60
9 SUPP 23
10 SUPP 42
11 SUPP 37
12 SUPP 66
13 SUPP 66
numfreq 13 :  0.000207186 SUMSUP SUMDIFF = 0 0
EXTRARYSZ 758705
OPENED /tmp/RtmpW1Fle5/cspadea927ff15e6e.idx
OFF 14 47400
Wrote Offt 4.1008e-05
BOUNDS 1 71
WROTE INVERT 0.000343084
Total elapsed time 0.000710011
SPADE /tmp/RtmpW1Fle5/cspadea927ff15e6e.tpose 0.001000 1 673 0.001110 0 0 0 0 0 3 1 5 5 : 13 45 43 23 6 1 0 : 0.000302 0.002125 0.002122 0.004643
TPOSE SEQ NOF2 /tmp/RtmpW1Fle5/cspadea922065d466.data 0.001000 66 1 1 F1stats = [ 13 0 0 0.000179 ] 0.000375 0.000045 0.000728
CONF 66 14 2 179.545
MINSUPPORT 1 66
MINMAX 1 70
1 SUPP 37
2 SUPP 19
3 SUPP 43
4 SUPP 60
5 SUPP 15
6 SUPP 56
7 SUPP 19
8 SUPP 60
9 SUPP 23
10 SUPP 42
11 SUPP 37
12 SUPP 66
13 SUPP 66
numfreq 13 :  0.000179052 SUMSUP SUMDIFF = 0 0
EXTRARYSZ 758705
OPENED /tmp/RtmpW1Fle5/cspadea922065d466.idx
OFF 14 47400
Wrote Offt 4.48227e-05
BOUNDS 1 71
WROTE INVERT 0.000375032
Total elapsed time 0.000727892
SPADE /tmp/RtmpW1Fle5/cspadea922065d466.tpose 0.001000 1 673 0.001224 0 0 0 0 0 3 1 5 5 : 13 45 43 23 6 1 0 : 0.000260 0.002035 0.002261 0.004633
TPOSE SEQ NOF2 /tmp/RtmpW1Fle5/cspadea9264759854.data 0.003000 66 1 1 F1stats = [ 13 0 0 0.000209 ] 0.000472 0.000058 0.000941
CONF 66 14 2 179.545
MINSUPPORT 1 66
MINMAX 1 70
1 SUPP 37
2 SUPP 19
3 SUPP 43
4 SUPP 60
5 SUPP 15
6 SUPP 56
7 SUPP 19
8 SUPP 60
9 SUPP 23
10 SUPP 42
11 SUPP 37
12 SUPP 66
13 SUPP 66
numfreq 13 :  0.000209093 SUMSUP SUMDIFF = 0 0
EXTRARYSZ 758705
OPENED /tmp/RtmpW1Fle5/cspadea9264759854.idx
OFF 14 47400
Wrote Offt 5.79357e-05
BOUNDS 1 71
WROTE INVERT 0.000472069
Total elapsed time 0.000941038
SPADE /tmp/RtmpW1Fle5/cspadea9264759854.tpose 0.003000 1 673 0.001266 0 0 0 0 0 3 1 5 5 : 13 45 43 23 6 1 0 : 0.000137 0.002145 0.002578 0.004941
TPOSE SEQ NOF2 /tmp/RtmpW1Fle5/cspadea9257793ea4.data 0.003000 66 1 1 F1stats = [ 13 0 0 0.000192 ] 0.000560 0.000043 0.000942
CONF 66 14 2 179.545
MINSUPPORT 1 66
MINMAX 1 70
1 SUPP 37
2 SUPP 19
3 SUPP 43
4 SUPP 60
5 SUPP 15
6 SUPP 56
7 SUPP 19
8 SUPP 60
9 SUPP 23
10 SUPP 42
11 SUPP 37
12 SUPP 66
13 SUPP 66
numfreq 13 :  0.000191927 SUMSUP SUMDIFF = 0 0
EXTRARYSZ 758705
OPENED /tmp/RtmpW1Fle5/cspadea9257793ea4.idx
OFF 14 47400
Wrote Offt 4.29153e-05
BOUNDS 1 71
WROTE INVERT 0.000560045
Total elapsed time 0.000941992
SPADE /tmp/RtmpW1Fle5/cspadea9257793ea4.tpose 0.003000 1 673 0.000935 0 0 0 0 0 3 1 5 5 : 13 45 43 23 6 1 0 : 0.000130 0.002042 0.001914 0.004159
TPOSE SEQ NOF2 /tmp/RtmpW1Fle5/cspadea926dfb197d.data 0.001000 66 1 1 F1stats = [ 13 0 0 0.000300 ] 0.000464 0.000082 0.001093
CONF 66 14 2 179.545
MINSUPPORT 1 66
MINMAX 1 70
1 SUPP 37
2 SUPP 19
3 SUPP 43
4 SUPP 60
5 SUPP 15
6 SUPP 56
7 SUPP 19
8 SUPP 60
9 SUPP 23
10 SUPP 42
11 SUPP 37
12 SUPP 66
13 SUPP 66
numfreq 13 :  0.000299931 SUMSUP SUMDIFF = 0 0
EXTRARYSZ 758705
OPENED /tmp/RtmpW1Fle5/cspadea926dfb197d.idx
OFF 14 47400
Wrote Offt 8.2016e-05
BOUNDS 1 71
WROTE INVERT 0.000463963
Total elapsed time 0.00109315
SPADE /tmp/RtmpW1Fle5/cspadea926dfb197d.tpose 0.001000 1 673 0.001052 0 0 0 0 0 3 1 5 5 : 13 45 43 23 6 1 0 : 0.000234 0.001916 0.001977 0.004198
TPOSE SEQ NOF2 /tmp/RtmpW1Fle5/cspadea9214214091.data 0.001000 66 1 1 F1stats = [ 13 0 0 0.000238 ] 0.000499 0.000071 0.001006
CONF 66 14 2 179.545
MINSUPPORT 1 66
MINMAX 1 70
1 SUPP 37
2 SUPP 19
3 SUPP 43
4 SUPP 60
5 SUPP 15
6 SUPP 56
7 SUPP 19
8 SUPP 60
9 SUPP 23
10 SUPP 42
11 SUPP 37
12 SUPP 66
13 SUPP 66
numfreq 13 :  0.000237942 SUMSUP SUMDIFF = 0 0
EXTRARYSZ 758705
OPENED /tmp/RtmpW1Fle5/cspadea9214214091.idx
OFF 14 47400
Wrote Offt 7.10487e-05
BOUNDS 1 71
WROTE INVERT 0.00049901
Total elapsed time 0.00100613
SPADE /tmp/RtmpW1Fle5/cspadea9214214091.tpose 0.001000 1 673 0.001068 0 0 0 0 0 3 1 20 5 : 13 45 43 23 6 1 0 : 0.000231 0.002102 0.002032 0.004438
TPOSE SEQ NOF2 /tmp/RtmpW1Fle5/cspadea921a1f08b3.data 0.003000 4704 15 1 F1stats = [ 209 0 0 0.000585 ] 0.000873 0.000244 0.002238
CONF 4704 7495 3.36055 1.60672
MINSUPPORT 15 4704
MINMAX 2 4705
17 SUPP 19
107 SUPP 22
214 SUPP 16
218 SUPP 16
250 SUPP 20
286 SUPP 18
309 SUPP 28
365 SUPP 20
374 SUPP 18
387 SUPP 22
414 SUPP 24
422 SUPP 28
430 SUPP 17
435 SUPP 25
449 SUPP 34
456 SUPP 17
478 SUPP 115
492 SUPP 26
547 SUPP 23
802 SUPP 182
810 SUPP 28
819 SUPP 58
863 SUPP 56
968 SUPP 86
1010 SUPP 16
1053 SUPP 17
1146 SUPP 21
1171 SUPP 15
1275 SUPP 18
1281 SUPP 18
1303 SUPP 30
1315 SUPP 18
1339 SUPP 21
1356 SUPP 36
1389 SUPP 24
1468 SUPP 27
1470 SUPP 30
1529 SUPP 18
1583 SUPP 89
1596 SUPP 52
1653 SUPP 47
1656 SUPP 24
1751 SUPP 353
1752 SUPP 17
1767 SUPP 15
1797 SUPP 104
1834 SUPP 16
1896 SUPP 33
1944 SUPP 33
1946 SUPP 17
1970 SUPP 20
2040 SUPP 28
2065 SUPP 97
2109 SUPP 16
2123 SUPP 20
2182 SUPP 22
2185 SUPP 18
2322 SUPP 41
2380 SUPP 25
2432 SUPP 18
2451 SUPP 17
2463 SUPP 19
2472 SUPP 20
2494 SUPP 55
2540 SUPP 19
2544 SUPP 30
2548 SUPP 64
2576 SUPP 15
2607 SUPP 22
2617 SUPP 115
2633 SUPP 42
2660 SUPP 40
2669 SUPP 55
2677 SUPP 21
2705 SUPP 31
2706 SUPP 23
2712 SUPP 55
2855 SUPP 73
2880 SUPP 16
2906 SUPP 24
2915 SUPP 72
2929 SUPP 21
2962 SUPP 19
2983 SUPP 15
3022 SUPP 23
3052 SUPP 56
3107 SUPP 41
3122 SUPP 28
3169 SUPP 130
3181 SUPP 32
3193 SUPP 63
3238 SUPP 25
3245 SUPP 17
3270 SUPP 38
3274 SUPP 16
3282 SUPP 19
3290 SUPP 40
3337 SUPP 25
3349 SUPP 29
3373 SUPP 23
3385 SUPP 169
3418 SUPP 20
3423 SUPP 17
3434 SUPP 52
3474 SUPP 64
3540 SUPP 34
3544 SUPP 87
3599 SUPP 17
3609 SUPP 56
3742 SUPP 25
3783 SUPP 28
3842 SUPP 38
3853 SUPP 15
3858 SUPP 25
3889 SUPP 69
3899 SUPP 22
3914 SUPP 21
4009 SUPP 62
4035 SUPP 22
4065 SUPP 28
4093 SUPP 23
4106 SUPP 61
4128 SUPP 26
4163 SUPP 46
4241 SUPP 24
4298 SUPP 30
4367 SUPP 27
4408 SUPP 107
4439 SUPP 21
4509 SUPP 19
4527 SUPP 68
4611 SUPP 17
4669 SUPP 67
4717 SUPP 69
4734 SUPP 15
4775 SUPP 33
4896 SUPP 17
4913 SUPP 17
4936 SUPP 30
4975 SUPP 20
4982 SUPP 34
4993 SUPP 126
4999 SUPP 39
5002 SUPP 72
5006 SUPP 43
5085 SUPP 20
5086 SUPP 20
5116 SUPP 56
5144 SUPP 50
5237 SUPP 16
5254 SUPP 35
5279 SUPP 139
5326 SUPP 34
5355 SUPP 38
5407 SUPP 17
5446 SUPP 22
5472 SUPP 28
5476 SUPP 57
5513 SUPP 183
5558 SUPP 60
5570 SUPP 23
5575 SUPP 103
5674 SUPP 25
5760 SUPP 16
5765 SUPP 65
5811 SUPP 53
5830 SUPP 49
5850 SUPP 30
5868 SUPP 21
5942 SUPP 53
6074 SUPP 69
6087 SUPP 64
6092 SUPP 19
6109 SUPP 159
6255 SUPP 26
6265 SUPP 37
6289 SUPP 15
6309 SUPP 18
6463 SUPP 26
6485 SUPP 102
6570 SUPP 16
6621 SUPP 97
6667 SUPP 16
6670 SUPP 236
6682 SUPP 29
6744 SUPP 38
6754 SUPP 20
6790 SUPP 152
6794 SUPP 77
6799 SUPP 34
6821 SUPP 85
6846 SUPP 54
6855 SUPP 20
6861 SUPP 17
6924 SUPP 25
6955 SUPP 16
7024 SUPP 118
7030 SUPP 22
7076 SUPP 73
7163 SUPP 147
7186 SUPP 97
7200 SUPP 175
7209 SUPP 33
7286 SUPP 24
7295 SUPP 46
7334 SUPP 77
7350 SUPP 22
7387 SUPP 55
7458 SUPP 18
numfreq 209 :  0.000585079 SUMSUP SUMDIFF = 0 0
EXTRARYSZ 47192
OPENED /tmp/RtmpW1Fle5/cspadea921a1f08b3.idx
OFF 7495 22322
Wrote Offt 0.000243902
BOUNDS 2 4706
WROTE INVERT 0.000873089
Total elapsed time 0.00223804
SPADE /tmp/RtmpW1Fle5/cspadea921a1f08b3.tpose 0.003000 15 868 0.000698 0 0 0 0 0 3 1 5 5 : 209 126 18 1 0 : 0.000619 0.005598 0.001584 0.007966
